-- The C compiler identification is GNU 13.3.0
-- The CXX compiler identification is GNU 13.3.0
-- Detecting C compiler ABI info
-- Detecting C compiler ABI info - done
-- Check for working C compiler: /usr/bin/cc - skipped
-- Detecting C compile features
-- Detecting C compile features - done
-- Detecting CXX compiler ABI info
-- Detecting CXX compiler ABI info - done
-- Check for working CXX compiler: /usr/bin/c++ - skipped
-- Detecting CXX compile features
-- Detecting CXX compile features - done
-- Found ament_cmake: 2.5.4 (/opt/ros/jazzy/share/ament_cmake/cmake)
-- Found Python3: /usr/bin/python3 (found version "3.12.3") found components: Interpreter 
-- Found urdf: 2.10.0 (/opt/ros/jazzy/share/urdf/cmake)
-- Found TinyXML2 via Config file: /usr/lib/x86_64-linux-gnu/cmake/tinyxml2
WARNING: Package name "ROAR_pkg" does not follow the naming conventions. It should start with a lower case letter and only contain lower case letters, digits, underscores, and dashes.
-- Configuring done (1.9s)
-- Generating done (0.0s)
-- Build files have been written to: /home/ahmed/New_ROAR_Arm/build/ROAR_pkg
-- Install configuration: ""
-- Installing: /home/ahmed/New_ROAR_Arm/install/ROAR_pkg/share/ROAR_pkg/launch
-- Installing: /home/ahmed/New_ROAR_Arm/install/ROAR_pkg/share/ROAR_pkg/launch/gazebo.launch.py
-- Installing: /home/ahmed/New_ROAR_Arm/install/ROAR_pkg/share/ROAR_pkg/launch/display.launch.py
-- Installing: /home/ahmed/New_ROAR_Arm/install/ROAR_pkg/share/ROAR_pkg/urdf
-- Installing: /home/ahmed/New_ROAR_Arm/install/ROAR_pkg/share/ROAR_pkg/urdf/New_URDF.csv
-- Installing: /home/ahmed/New_ROAR_Arm/install/ROAR_pkg/share/ROAR_pkg/urdf/New_URDF.urdf
-- Installing: /home/ahmed/New_ROAR_Arm/install/ROAR_pkg/share/ROAR_pkg/meshes
-- Installing: /home/ahmed/New_ROAR_Arm/install/ROAR_pkg/share/ROAR_pkg/meshes/Link_3.STL
-- Installing: /home/ahmed/New_ROAR_Arm/install/ROAR_pkg/share/ROAR_pkg/meshes/Link_2.STL
-- Installing: /home/ahmed/New_ROAR_Arm/install/ROAR_pkg/share/ROAR_pkg/meshes/Link_5.STL
-- Installing: /home/ahmed/New_ROAR_Arm/install/ROAR_pkg/share/ROAR_pkg/meshes/Link_1.STL
-- Installing: /home/ahmed/New_ROAR_Arm/install/ROAR_pkg/share/ROAR_pkg/meshes/Link_4.STL
-- Installing: /home/ahmed/New_ROAR_Arm/install/ROAR_pkg/share/ROAR_pkg/meshes/base_link.STL
-- Installing: /home/ahmed/New_ROAR_Arm/install/ROAR_pkg/share/ROAR_pkg/meshes/Link_EE.STL
-- Installing: /home/ahmed/New_ROAR_Arm/install/ROAR_pkg/share/ROAR_pkg/config
-- Installing: /home/ahmed/New_ROAR_Arm/install/ROAR_pkg/share/ROAR_pkg/config/joint_names_New_URDF.yaml
-- Installing: /home/ahmed/New_ROAR_Arm/install/ROAR_pkg/share/ament_index/resource_index/package_run_dependencies/ROAR_pkg
-- Installing: /home/ahmed/New_ROAR_Arm/install/ROAR_pkg/share/ament_index/resource_index/parent_prefix_path/ROAR_pkg
-- Installing: /home/ahmed/New_ROAR_Arm/install/ROAR_pkg/share/ROAR_pkg/environment/ament_prefix_path.sh
-- Installing: /home/ahmed/New_ROAR_Arm/install/ROAR_pkg/share/ROAR_pkg/environment/ament_prefix_path.dsv
-- Installing: /home/ahmed/New_ROAR_Arm/install/ROAR_pkg/share/ROAR_pkg/environment/path.sh
-- Installing: /home/ahmed/New_ROAR_Arm/install/ROAR_pkg/share/ROAR_pkg/environment/path.dsv
-- Installing: /home/ahmed/New_ROAR_Arm/install/ROAR_pkg/share/ROAR_pkg/local_setup.bash
-- Installing: /home/ahmed/New_ROAR_Arm/install/ROAR_pkg/share/ROAR_pkg/local_setup.sh
-- Installing: /home/ahmed/New_ROAR_Arm/install/ROAR_pkg/share/ROAR_pkg/local_setup.zsh
-- Installing: /home/ahmed/New_ROAR_Arm/install/ROAR_pkg/share/ROAR_pkg/local_setup.dsv
-- Installing: /home/ahmed/New_ROAR_Arm/install/ROAR_pkg/share/ROAR_pkg/package.dsv
-- Installing: /home/ahmed/New_ROAR_Arm/install/ROAR_pkg/share/ament_index/resource_index/packages/ROAR_pkg
-- Installing: /home/ahmed/New_ROAR_Arm/install/ROAR_pkg/share/ROAR_pkg/cmake/ROAR_pkgConfig.cmake
-- Installing: /home/ahmed/New_ROAR_Arm/install/ROAR_pkg/share/ROAR_pkg/cmake/ROAR_pkgConfig-version.cmake
-- Installing: /home/ahmed/New_ROAR_Arm/install/ROAR_pkg/share/ROAR_pkg/package.xml
