[0.007s] Invoking command in '/home/ahmed/New_ROAR_Arm/build/ROAR_pkg': CMAKE_PREFIX_PATH=${CMAKE_PREFIX_PATH}:/opt/ros/jazzy /usr/bin/cmake /home/ahmed/New_ROAR_Arm/src/ROAR_pkg -DCMAKE_INSTALL_PREFIX=/home/ahmed/New_ROAR_Arm/install/ROAR_pkg
[0.105s] -- The C compiler identification is GNU 13.3.0
[0.617s] -- The CXX compiler identification is GNU 13.3.0
[1.069s] -- Detecting C compiler ABI info
[1.249s] -- Detecting C compiler ABI info - done
[1.254s] -- Check for working C compiler: /usr/bin/cc - skipped
[1.254s] -- Detecting C compile features
[1.254s] -- Detecting C compile features - done
[1.334s] -- Detecting CXX compiler ABI info
[1.525s] -- Detecting CXX compiler ABI info - done
[1.530s] -- Check for working CXX compiler: /usr/bin/c++ - skipped
[1.530s] -- Detecting CXX compile features
[1.531s] -- Detecting CXX compile features - done
[1.533s] -- Found ament_cmake: 2.5.4 (/opt/ros/jazzy/share/ament_cmake/cmake)
[1.632s] -- Found Python3: /usr/bin/python3 (found version "3.12.3") found components: Interpreter 
[1.707s] -- Found urdf: 2.10.0 (/opt/ros/jazzy/share/urdf/cmake)
[1.854s] -- Found TinyXML2 via Config file: /usr/lib/x86_64-linux-gnu/cmake/tinyxml2
[1.907s] WARNING: Package name "ROAR_pkg" does not follow the naming conventions. It should start with a lower case letter and only contain lower case letters, digits, underscores, and dashes.
[1.918s] -- Configuring done (1.9s)
[1.920s] -- Generating done (0.0s)
[1.921s] -- Build files have been written to: /home/ahmed/New_ROAR_Arm/build/ROAR_pkg
[1.927s] Invoked command in '/home/ahmed/New_ROAR_Arm/build/ROAR_pkg' returned '0': CMAKE_PREFIX_PATH=${CMAKE_PREFIX_PATH}:/opt/ros/jazzy /usr/bin/cmake /home/ahmed/New_ROAR_Arm/src/ROAR_pkg -DCMAKE_INSTALL_PREFIX=/home/ahmed/New_ROAR_Arm/install/ROAR_pkg
[1.928s] Invoking command in '/home/ahmed/New_ROAR_Arm/build/ROAR_pkg': CMAKE_PREFIX_PATH=${CMAKE_PREFIX_PATH}:/opt/ros/jazzy /usr/bin/cmake --build /home/ahmed/New_ROAR_Arm/build/ROAR_pkg -- -j20 -l20
[1.955s] Invoked command in '/home/ahmed/New_ROAR_Arm/build/ROAR_pkg' returned '0': CMAKE_PREFIX_PATH=${CMAKE_PREFIX_PATH}:/opt/ros/jazzy /usr/bin/cmake --build /home/ahmed/New_ROAR_Arm/build/ROAR_pkg -- -j20 -l20
[1.961s] Invoking command in '/home/ahmed/New_ROAR_Arm/build/ROAR_pkg': CMAKE_PREFIX_PATH=${CMAKE_PREFIX_PATH}:/opt/ros/jazzy /usr/bin/cmake --install /home/ahmed/New_ROAR_Arm/build/ROAR_pkg
[1.967s] -- Install configuration: ""
[1.967s] -- Installing: /home/ahmed/New_ROAR_Arm/install/ROAR_pkg/share/ROAR_pkg/launch
[1.967s] -- Installing: /home/ahmed/New_ROAR_Arm/install/ROAR_pkg/share/ROAR_pkg/launch/gazebo.launch.py
[1.967s] -- Installing: /home/ahmed/New_ROAR_Arm/install/ROAR_pkg/share/ROAR_pkg/launch/display.launch.py
[1.968s] -- Installing: /home/ahmed/New_ROAR_Arm/install/ROAR_pkg/share/ROAR_pkg/urdf
[1.968s] -- Installing: /home/ahmed/New_ROAR_Arm/install/ROAR_pkg/share/ROAR_pkg/urdf/New_URDF.csv
[1.968s] -- Installing: /home/ahmed/New_ROAR_Arm/install/ROAR_pkg/share/ROAR_pkg/urdf/New_URDF.urdf
[1.968s] -- Installing: /home/ahmed/New_ROAR_Arm/install/ROAR_pkg/share/ROAR_pkg/meshes
[1.968s] -- Installing: /home/ahmed/New_ROAR_Arm/install/ROAR_pkg/share/ROAR_pkg/meshes/Link_3.STL
[1.968s] -- Installing: /home/ahmed/New_ROAR_Arm/install/ROAR_pkg/share/ROAR_pkg/meshes/Link_2.STL
[1.968s] -- Installing: /home/ahmed/New_ROAR_Arm/install/ROAR_pkg/share/ROAR_pkg/meshes/Link_5.STL
[1.969s] -- Installing: /home/ahmed/New_ROAR_Arm/install/ROAR_pkg/share/ROAR_pkg/meshes/Link_1.STL
[1.969s] -- Installing: /home/ahmed/New_ROAR_Arm/install/ROAR_pkg/share/ROAR_pkg/meshes/Link_4.STL
[1.970s] -- Installing: /home/ahmed/New_ROAR_Arm/install/ROAR_pkg/share/ROAR_pkg/meshes/base_link.STL
[1.970s] -- Installing: /home/ahmed/New_ROAR_Arm/install/ROAR_pkg/share/ROAR_pkg/meshes/Link_EE.STL
[1.970s] -- Installing: /home/ahmed/New_ROAR_Arm/install/ROAR_pkg/share/ROAR_pkg/config
[1.970s] -- Installing: /home/ahmed/New_ROAR_Arm/install/ROAR_pkg/share/ROAR_pkg/config/joint_names_New_URDF.yaml
[1.970s] -- Installing: /home/ahmed/New_ROAR_Arm/install/ROAR_pkg/share/ament_index/resource_index/package_run_dependencies/ROAR_pkg
[1.971s] -- Installing: /home/ahmed/New_ROAR_Arm/install/ROAR_pkg/share/ament_index/resource_index/parent_prefix_path/ROAR_pkg
[1.971s] -- Installing: /home/ahmed/New_ROAR_Arm/install/ROAR_pkg/share/ROAR_pkg/environment/ament_prefix_path.sh
[1.971s] -- Installing: /home/ahmed/New_ROAR_Arm/install/ROAR_pkg/share/ROAR_pkg/environment/ament_prefix_path.dsv
[1.971s] -- Installing: /home/ahmed/New_ROAR_Arm/install/ROAR_pkg/share/ROAR_pkg/environment/path.sh
[1.971s] -- Installing: /home/ahmed/New_ROAR_Arm/install/ROAR_pkg/share/ROAR_pkg/environment/path.dsv
[1.971s] -- Installing: /home/ahmed/New_ROAR_Arm/install/ROAR_pkg/share/ROAR_pkg/local_setup.bash
[1.971s] -- Installing: /home/ahmed/New_ROAR_Arm/install/ROAR_pkg/share/ROAR_pkg/local_setup.sh
[1.971s] -- Installing: /home/ahmed/New_ROAR_Arm/install/ROAR_pkg/share/ROAR_pkg/local_setup.zsh
[1.971s] -- Installing: /home/ahmed/New_ROAR_Arm/install/ROAR_pkg/share/ROAR_pkg/local_setup.dsv
[1.971s] -- Installing: /home/ahmed/New_ROAR_Arm/install/ROAR_pkg/share/ROAR_pkg/package.dsv
[1.971s] -- Installing: /home/ahmed/New_ROAR_Arm/install/ROAR_pkg/share/ament_index/resource_index/packages/ROAR_pkg
[1.972s] -- Installing: /home/ahmed/New_ROAR_Arm/install/ROAR_pkg/share/ROAR_pkg/cmake/ROAR_pkgConfig.cmake
[1.972s] -- Installing: /home/ahmed/New_ROAR_Arm/install/ROAR_pkg/share/ROAR_pkg/cmake/ROAR_pkgConfig-version.cmake
[1.972s] -- Installing: /home/ahmed/New_ROAR_Arm/install/ROAR_pkg/share/ROAR_pkg/package.xml
[1.973s] Invoked command in '/home/ahmed/New_ROAR_Arm/build/ROAR_pkg' returned '0': CMAKE_PREFIX_PATH=${CMAKE_PREFIX_PATH}:/opt/ros/jazzy /usr/bin/cmake --install /home/ahmed/New_ROAR_Arm/build/ROAR_pkg
