-- Install configuration: ""
-- Up-to-date: /home/ahmed/New_ROAR_Arm/install/ROAR_pkg/share/ROAR_pkg/launch
-- Installing: /home/ahmed/New_ROAR_Arm/install/ROAR_pkg/share/ROAR_pkg/launch/gazebo.launch.py
-- Up-to-date: /home/ahmed/New_ROAR_Arm/install/ROAR_pkg/share/ROAR_pkg/launch/display.launch.py
-- Up-to-date: /home/ahmed/New_ROAR_Arm/install/ROAR_pkg/share/ROAR_pkg/urdf
-- Up-to-date: /home/ahmed/New_ROAR_Arm/install/ROAR_pkg/share/ROAR_pkg/urdf/New_URDF.csv
-- Installing: /home/ahmed/New_ROAR_Arm/install/ROAR_pkg/share/ROAR_pkg/urdf/New_URDF.urdf
-- Up-to-date: /home/ahmed/New_ROAR_Arm/install/ROAR_pkg/share/ROAR_pkg/meshes
-- Up-to-date: /home/ahmed/New_ROAR_Arm/install/ROAR_pkg/share/ROAR_pkg/meshes/Link_3.STL
-- Up-to-date: /home/ahmed/New_ROAR_Arm/install/ROAR_pkg/share/ROAR_pkg/meshes/Link_2.STL
-- Up-to-date: /home/ahmed/New_ROAR_Arm/install/ROAR_pkg/share/ROAR_pkg/meshes/Link_5.STL
-- Up-to-date: /home/ahmed/New_ROAR_Arm/install/ROAR_pkg/share/ROAR_pkg/meshes/Link_1.STL
-- Up-to-date: /home/ahmed/New_ROAR_Arm/install/ROAR_pkg/share/ROAR_pkg/meshes/Link_4.STL
-- Up-to-date: /home/ahmed/New_ROAR_Arm/install/ROAR_pkg/share/ROAR_pkg/meshes/base_link.STL
-- Up-to-date: /home/ahmed/New_ROAR_Arm/install/ROAR_pkg/share/ROAR_pkg/meshes/Link_EE.STL
-- Up-to-date: /home/ahmed/New_ROAR_Arm/install/ROAR_pkg/share/ROAR_pkg/config
-- Up-to-date: /home/ahmed/New_ROAR_Arm/install/ROAR_pkg/share/ROAR_pkg/config/joint_names_New_URDF.yaml
-- Up-to-date: /home/ahmed/New_ROAR_Arm/install/ROAR_pkg/share/ament_index/resource_index/package_run_dependencies/ROAR_pkg
-- Up-to-date: /home/ahmed/New_ROAR_Arm/install/ROAR_pkg/share/ament_index/resource_index/parent_prefix_path/ROAR_pkg
-- Up-to-date: /home/ahmed/New_ROAR_Arm/install/ROAR_pkg/share/ROAR_pkg/environment/ament_prefix_path.sh
-- Up-to-date: /home/ahmed/New_ROAR_Arm/install/ROAR_pkg/share/ROAR_pkg/environment/ament_prefix_path.dsv
-- Up-to-date: /home/ahmed/New_ROAR_Arm/install/ROAR_pkg/share/ROAR_pkg/environment/path.sh
-- Up-to-date: /home/ahmed/New_ROAR_Arm/install/ROAR_pkg/share/ROAR_pkg/environment/path.dsv
-- Up-to-date: /home/ahmed/New_ROAR_Arm/install/ROAR_pkg/share/ROAR_pkg/local_setup.bash
-- Up-to-date: /home/ahmed/New_ROAR_Arm/install/ROAR_pkg/share/ROAR_pkg/local_setup.sh
-- Up-to-date: /home/ahmed/New_ROAR_Arm/install/ROAR_pkg/share/ROAR_pkg/local_setup.zsh
-- Up-to-date: /home/ahmed/New_ROAR_Arm/install/ROAR_pkg/share/ROAR_pkg/local_setup.dsv
-- Up-to-date: /home/ahmed/New_ROAR_Arm/install/ROAR_pkg/share/ROAR_pkg/package.dsv
-- Up-to-date: /home/ahmed/New_ROAR_Arm/install/ROAR_pkg/share/ament_index/resource_index/packages/ROAR_pkg
-- Up-to-date: /home/ahmed/New_ROAR_Arm/install/ROAR_pkg/share/ROAR_pkg/cmake/ROAR_pkgConfig.cmake
-- Up-to-date: /home/ahmed/New_ROAR_Arm/install/ROAR_pkg/share/ROAR_pkg/cmake/ROAR_pkgConfig-version.cmake
-- Up-to-date: /home/ahmed/New_ROAR_Arm/install/ROAR_pkg/share/ROAR_pkg/package.xml
