[0.009s] Invoking command in '/home/ahmed/New_ROAR_Arm/build/ROAR_pkg': CMAKE_PREFIX_PATH=${CMAKE_PREFIX_PATH}:/opt/ros/jazzy /usr/bin/cmake --build /home/ahmed/New_ROAR_Arm/build/ROAR_pkg -- -j20 -l20
[0.039s] Invoked command in '/home/ahmed/New_ROAR_Arm/build/ROAR_pkg' returned '0': CMAKE_PREFIX_PATH=${CMAKE_PREFIX_PATH}:/opt/ros/jazzy /usr/bin/cmake --build /home/ahmed/New_ROAR_Arm/build/ROAR_pkg -- -j20 -l20
[0.046s] Invoking command in '/home/ahmed/New_ROAR_Arm/build/ROAR_pkg': CMAKE_PREFIX_PATH=${CMAKE_PREFIX_PATH}:/opt/ros/jazzy /usr/bin/cmake --install /home/ahmed/New_ROAR_Arm/build/ROAR_pkg
[0.052s] -- Install configuration: ""
[0.052s] -- Up-to-date: /home/ahmed/New_ROAR_Arm/install/ROAR_pkg/share/ROAR_pkg/launch
[0.052s] -- Installing: /home/ahmed/New_ROAR_Arm/install/ROAR_pkg/share/ROAR_pkg/launch/gazebo.launch.py
[0.052s] -- Up-to-date: /home/ahmed/New_ROAR_Arm/install/ROAR_pkg/share/ROAR_pkg/launch/display.launch.py
[0.053s] -- Up-to-date: /home/ahmed/New_ROAR_Arm/install/ROAR_pkg/share/ROAR_pkg/urdf
[0.053s] -- Up-to-date: /home/ahmed/New_ROAR_Arm/install/ROAR_pkg/share/ROAR_pkg/urdf/New_URDF.csv
[0.053s] -- Installing: /home/ahmed/New_ROAR_Arm/install/ROAR_pkg/share/ROAR_pkg/urdf/New_URDF.urdf
[0.053s] -- Up-to-date: /home/ahmed/New_ROAR_Arm/install/ROAR_pkg/share/ROAR_pkg/meshes
[0.053s] -- Up-to-date: /home/ahmed/New_ROAR_Arm/install/ROAR_pkg/share/ROAR_pkg/meshes/Link_3.STL
[0.053s] -- Up-to-date: /home/ahmed/New_ROAR_Arm/install/ROAR_pkg/share/ROAR_pkg/meshes/Link_2.STL
[0.054s] -- Up-to-date: /home/ahmed/New_ROAR_Arm/install/ROAR_pkg/share/ROAR_pkg/meshes/Link_5.STL
[0.054s] -- Up-to-date: /home/ahmed/New_ROAR_Arm/install/ROAR_pkg/share/ROAR_pkg/meshes/Link_1.STL
[0.054s] -- Up-to-date: /home/ahmed/New_ROAR_Arm/install/ROAR_pkg/share/ROAR_pkg/meshes/Link_4.STL
[0.054s] -- Up-to-date: /home/ahmed/New_ROAR_Arm/install/ROAR_pkg/share/ROAR_pkg/meshes/base_link.STL
[0.054s] -- Up-to-date: /home/ahmed/New_ROAR_Arm/install/ROAR_pkg/share/ROAR_pkg/meshes/Link_EE.STL
[0.054s] -- Up-to-date: /home/ahmed/New_ROAR_Arm/install/ROAR_pkg/share/ROAR_pkg/config
[0.054s] -- Up-to-date: /home/ahmed/New_ROAR_Arm/install/ROAR_pkg/share/ROAR_pkg/config/joint_names_New_URDF.yaml
[0.054s] -- Up-to-date: /home/ahmed/New_ROAR_Arm/install/ROAR_pkg/share/ament_index/resource_index/package_run_dependencies/ROAR_pkg
[0.054s] -- Up-to-date: /home/ahmed/New_ROAR_Arm/install/ROAR_pkg/share/ament_index/resource_index/parent_prefix_path/ROAR_pkg
[0.054s] -- Up-to-date: /home/ahmed/New_ROAR_Arm/install/ROAR_pkg/share/ROAR_pkg/environment/ament_prefix_path.sh
[0.054s] -- Up-to-date: /home/ahmed/New_ROAR_Arm/install/ROAR_pkg/share/ROAR_pkg/environment/ament_prefix_path.dsv
[0.055s] -- Up-to-date: /home/ahmed/New_ROAR_Arm/install/ROAR_pkg/share/ROAR_pkg/environment/path.sh
[0.055s] -- Up-to-date: /home/ahmed/New_ROAR_Arm/install/ROAR_pkg/share/ROAR_pkg/environment/path.dsv
[0.055s] -- Up-to-date: /home/ahmed/New_ROAR_Arm/install/ROAR_pkg/share/ROAR_pkg/local_setup.bash
[0.055s] -- Up-to-date: /home/ahmed/New_ROAR_Arm/install/ROAR_pkg/share/ROAR_pkg/local_setup.sh
[0.055s] -- Up-to-date: /home/ahmed/New_ROAR_Arm/install/ROAR_pkg/share/ROAR_pkg/local_setup.zsh
[0.055s] -- Up-to-date: /home/ahmed/New_ROAR_Arm/install/ROAR_pkg/share/ROAR_pkg/local_setup.dsv
[0.055s] -- Up-to-date: /home/ahmed/New_ROAR_Arm/install/ROAR_pkg/share/ROAR_pkg/package.dsv
[0.055s] -- Up-to-date: /home/ahmed/New_ROAR_Arm/install/ROAR_pkg/share/ament_index/resource_index/packages/ROAR_pkg
[0.055s] -- Up-to-date: /home/ahmed/New_ROAR_Arm/install/ROAR_pkg/share/ROAR_pkg/cmake/ROAR_pkgConfig.cmake
[0.055s] -- Up-to-date: /home/ahmed/New_ROAR_Arm/install/ROAR_pkg/share/ROAR_pkg/cmake/ROAR_pkgConfig-version.cmake
[0.055s] -- Up-to-date: /home/ahmed/New_ROAR_Arm/install/ROAR_pkg/share/ROAR_pkg/package.xml
[0.055s] Invoked command in '/home/ahmed/New_ROAR_Arm/build/ROAR_pkg' returned '0': CMAKE_PREFIX_PATH=${CMAKE_PREFIX_PATH}:/opt/ros/jazzy /usr/bin/cmake --install /home/ahmed/New_ROAR_Arm/build/ROAR_pkg
